The system is: Darwin - 23.5.0 - x86_64
Compiling the C compiler identification source file "CMakeCCompilerId.c" succeeded.
Compiler: /Applications/Xcode.app/Contents/Developer/Toolchains/XcodeDefault.xctoolchain/usr/bin/cc 
Build flags: 
Id flags: -c 

The output was:
0


Compilation of the C compiler identification source "CMakeCCompilerId.c" produced "CMakeCCompilerId.o"

The C compiler identification is AppleClang, found in "/Users/smykolaj/SEMESTER4/NAI/cppKnapsack/cmake-build-debug/CMakeFiles/3.24.2/CompilerIdC/CMakeCCompilerId.o"

Compiling the CXX compiler identification source file "CMakeCXXCompilerId.cpp" succeeded.
Compiler: /usr/local/bin/g++-11 
Build flags: 
Id flags: -c 

The output was:
0


Compilation of the CXX compiler identification source "CMakeCXXCompilerId.cpp" produced "CMakeCXXCompilerId.o"

The CXX compiler identification is GNU, found in "/Users/smykolaj/SEMESTER4/NAI/cppKnapsack/cmake-build-debug/CMakeFiles/3.24.2/CompilerIdCXX/CMakeCXXCompilerId.o"

Detecting C compiler ABI info compiled with the following output:
Change Dir: /Users/smykolaj/SEMESTER4/NAI/cppKnapsack/cmake-build-debug/CMakeFiles/CMakeTmp

Run Build Command(s):/Applications/CLion.app/Contents/bin/ninja/mac/ninja cmTC_31aa0 && [1/2] Building C object CMakeFiles/cmTC_31aa0.dir/CMakeCCompilerABI.c.o
Apple clang version 15.0.0 (clang-1500.3.9.4)
Target: x86_64-apple-darwin23.5.0
Thread model: posix
InstalledDir: /Applications/Xcode.app/Contents/Developer/Toolchains/XcodeDefault.xctoolchain/usr/bin
clang: warning: -Wl,-v: 'linker' input unused [-Wunused-command-line-argument]
 "/Applications/Xcode.app/Contents/Developer/Toolchains/XcodeDefault.xctoolchain/usr/bin/clang" -cc1 -triple x86_64-apple-macosx14.0.0 -Wundef-prefix=TARGET_OS_ -Wdeprecated-objc-isa-usage -Werror=deprecated-objc-isa-usage -Werror=implicit-function-declaration -emit-obj -mrelax-all --mrelax-relocations -disable-free -clear-ast-before-backend -disable-llvm-verifier -discard-value-names -main-file-name CMakeCCompilerABI.c -mrelocation-model pic -pic-level 2 -mframe-pointer=all -fno-strict-return -ffp-contract=on -fno-rounding-math -funwind-tables=2 -target-sdk-version=14.5 -fvisibility-inlines-hidden-static-local-var -target-cpu penryn -tune-cpu generic -debugger-tuning=lldb -target-linker-version 1053.12 -v -fcoverage-compilation-dir=/Users/smykolaj/SEMESTER4/NAI/cppKnapsack/cmake-build-debug/CMakeFiles/CMakeTmp -resource-dir /Applications/Xcode.app/Contents/Developer/Toolchains/XcodeDefault.xctoolchain/usr/lib/clang/15.0.0 -dependency-file CMakeFiles/cmTC_31aa0.dir/CMakeCCompilerABI.c.o.d -skip-unused-modulemap-deps -MT CMakeFiles/cmTC_31aa0.dir/CMakeCCompilerABI.c.o -sys-header-deps -isysroot /Applications/Xcode.app/Contents/Developer/Platforms/MacOSX.platform/Developer/SDKs/MacOSX14.5.sdk -internal-isystem /Applications/Xcode.app/Contents/Developer/Platforms/MacOSX.platform/Developer/SDKs/MacOSX14.5.sdk/usr/local/include -internal-isystem /Applications/Xcode.app/Contents/Developer/Toolchains/XcodeDefault.xctoolchain/usr/lib/clang/15.0.0/include -internal-externc-isystem /Applications/Xcode.app/Contents/Developer/Platforms/MacOSX.platform/Developer/SDKs/MacOSX14.5.sdk/usr/include -internal-externc-isystem /Applications/Xcode.app/Contents/Developer/Toolchains/XcodeDefault.xctoolchain/usr/include -Wno-reorder-init-list -Wno-implicit-int-float-conversion -Wno-c99-designator -Wno-final-dtor-non-final-class -Wno-extra-semi-stmt -Wno-misleading-indentation -Wno-quoted-include-in-framework-header -Wno-implicit-fallthrough -Wno-enum-enum-conversion -Wno-enum-float-conversion -Wno-elaborated-enum-base -Wno-reserved-identifier -Wno-gnu-folding-constant -fdebug-compilation-dir=/Users/smykolaj/SEMESTER4/NAI/cppKnapsack/cmake-build-debug/CMakeFiles/CMakeTmp -ferror-limit 19 -stack-protector 1 -fstack-check -mdarwin-stkchk-strong-link -fblocks -fencode-extended-block-signature -fregister-global-dtors-with-atexit -fgnuc-version=4.2.1 -fmax-type-align=16 -fcommon -fcolor-diagnostics -clang-vendor-feature=+disableNonDependentMemberExprInCurrentInstantiation -fno-odr-hash-protocols -clang-vendor-feature=+enableAggressiveVLAFolding -clang-vendor-feature=+revert09abecef7bbf -clang-vendor-feature=+thisNoAlignAttr -clang-vendor-feature=+thisNoNullAttr -mllvm -disable-aligned-alloc-awareness=1 -D__GCC_HAVE_DWARF2_CFI_ASM=1 -o CMakeFiles/cmTC_31aa0.dir/CMakeCCompilerABI.c.o -x c /Applications/CLion.app/Contents/bin/cmake/mac/share/cmake-3.24/Modules/CMakeCCompilerABI.c
clang -cc1 version 15.0.0 (clang-1500.3.9.4) default target x86_64-apple-darwin23.5.0
ignoring nonexistent directory "/Applications/Xcode.app/Contents/Developer/Platforms/MacOSX.platform/Developer/SDKs/MacOSX14.5.sdk/usr/local/include"
ignoring nonexistent directory "/Applications/Xcode.app/Contents/Developer/Platforms/MacOSX.platform/Developer/SDKs/MacOSX14.5.sdk/Library/Frameworks"
#include "..." search starts here:
#include <...> search starts here:
 /Applications/Xcode.app/Contents/Developer/Toolchains/XcodeDefault.xctoolchain/usr/lib/clang/15.0.0/include
 /Applications/Xcode.app/Contents/Developer/Platforms/MacOSX.platform/Developer/SDKs/MacOSX14.5.sdk/usr/include
 /Applications/Xcode.app/Contents/Developer/Toolchains/XcodeDefault.xctoolchain/usr/include
 /Applications/Xcode.app/Contents/Developer/Platforms/MacOSX.platform/Developer/SDKs/MacOSX14.5.sdk/System/Library/Frameworks (framework directory)
End of search list.
[2/2] Linking C executable cmTC_31aa0
Apple clang version 15.0.0 (clang-1500.3.9.4)
Target: x86_64-apple-darwin23.5.0
Thread model: posix
InstalledDir: /Applications/Xcode.app/Contents/Developer/Toolchains/XcodeDefault.xctoolchain/usr/bin
 "/Applications/Xcode.app/Contents/Developer/Toolchains/XcodeDefault.xctoolchain/usr/bin/ld" -demangle -lto_library /Applications/Xcode.app/Contents/Developer/Toolchains/XcodeDefault.xctoolchain/usr/lib/libLTO.dylib -dynamic -arch x86_64 -platform_version macos 14.0.0 14.5 -syslibroot /Applications/Xcode.app/Contents/Developer/Platforms/MacOSX.platform/Developer/SDKs/MacOSX14.5.sdk -o cmTC_31aa0 -search_paths_first -headerpad_max_install_names -v CMakeFiles/cmTC_31aa0.dir/CMakeCCompilerABI.c.o -lSystem /Applications/Xcode.app/Contents/Developer/Toolchains/XcodeDefault.xctoolchain/usr/lib/clang/15.0.0/lib/darwin/libclang_rt.osx.a
@(#)PROGRAM:ld PROJECT:ld-1053.12
BUILD 10:14:46 Mar 29 2024
configured to support archs: armv6 armv7 armv7s arm64 arm64e arm64_32 i386 x86_64 x86_64h armv6m armv7k armv7m armv7em
will use ld-classic for: armv6 armv7 armv7s arm64_32 i386 armv6m armv7k armv7m armv7em
LTO support using: LLVM version 15.0.0 (static support for 29, runtime is 29)
TAPI support using: Apple TAPI version 15.0.0 (tapi-1500.3.2.2)
Library search paths:
	/Applications/Xcode.app/Contents/Developer/Platforms/MacOSX.platform/Developer/SDKs/MacOSX14.5.sdk/usr/lib
	/Applications/Xcode.app/Contents/Developer/Platforms/MacOSX.platform/Developer/SDKs/MacOSX14.5.sdk/usr/lib/swift
Framework search paths:
	/Applications/Xcode.app/Contents/Developer/Platforms/MacOSX.platform/Developer/SDKs/MacOSX14.5.sdk/System/Library/Frameworks



Parsed C implicit include dir info from above output: rv=done
  found start of include info
  found start of implicit include info
    add: [/Applications/Xcode.app/Contents/Developer/Toolchains/XcodeDefault.xctoolchain/usr/lib/clang/15.0.0/include]
    add: [/Applications/Xcode.app/Contents/Developer/Platforms/MacOSX.platform/Developer/SDKs/MacOSX14.5.sdk/usr/include]
    add: [/Applications/Xcode.app/Contents/Developer/Toolchains/XcodeDefault.xctoolchain/usr/include]
  end of search list found
  collapse include dir [/Applications/Xcode.app/Contents/Developer/Toolchains/XcodeDefault.xctoolchain/usr/lib/clang/15.0.0/include] ==> [/Applications/Xcode.app/Contents/Developer/Toolchains/XcodeDefault.xctoolchain/usr/lib/clang/15.0.0/include]
  collapse include dir [/Applications/Xcode.app/Contents/Developer/Platforms/MacOSX.platform/Developer/SDKs/MacOSX14.5.sdk/usr/include] ==> [/Applications/Xcode.app/Contents/Developer/Platforms/MacOSX.platform/Developer/SDKs/MacOSX14.5.sdk/usr/include]
  collapse include dir [/Applications/Xcode.app/Contents/Developer/Toolchains/XcodeDefault.xctoolchain/usr/include] ==> [/Applications/Xcode.app/Contents/Developer/Toolchains/XcodeDefault.xctoolchain/usr/include]
  implicit include dirs: [/Applications/Xcode.app/Contents/Developer/Toolchains/XcodeDefault.xctoolchain/usr/lib/clang/15.0.0/include;/Applications/Xcode.app/Contents/Developer/Platforms/MacOSX.platform/Developer/SDKs/MacOSX14.5.sdk/usr/include;/Applications/Xcode.app/Contents/Developer/Toolchains/XcodeDefault.xctoolchain/usr/include]


Parsed C implicit link information from above output:
  link line regex: [^( *|.*[/\])(ld|CMAKE_LINK_STARTFILE-NOTFOUND|([^/\]+-)?ld|collect2)[^/\]*( |$)]
  ignore line: [Change Dir: /Users/smykolaj/SEMESTER4/NAI/cppKnapsack/cmake-build-debug/CMakeFiles/CMakeTmp]
  ignore line: []
  ignore line: [Run Build Command(s):/Applications/CLion.app/Contents/bin/ninja/mac/ninja cmTC_31aa0 && [1/2] Building C object CMakeFiles/cmTC_31aa0.dir/CMakeCCompilerABI.c.o]
  ignore line: [Apple clang version 15.0.0 (clang-1500.3.9.4)]
  ignore line: [Target: x86_64-apple-darwin23.5.0]
  ignore line: [Thread model: posix]
  ignore line: [InstalledDir: /Applications/Xcode.app/Contents/Developer/Toolchains/XcodeDefault.xctoolchain/usr/bin]
  ignore line: [clang: warning: -Wl -v: 'linker' input unused [-Wunused-command-line-argument]]
  ignore line: [ "/Applications/Xcode.app/Contents/Developer/Toolchains/XcodeDefault.xctoolchain/usr/bin/clang" -cc1 -triple x86_64-apple-macosx14.0.0 -Wundef-prefix=TARGET_OS_ -Wdeprecated-objc-isa-usage -Werror=deprecated-objc-isa-usage -Werror=implicit-function-declaration -emit-obj -mrelax-all --mrelax-relocations -disable-free -clear-ast-before-backend -disable-llvm-verifier -discard-value-names -main-file-name CMakeCCompilerABI.c -mrelocation-model pic -pic-level 2 -mframe-pointer=all -fno-strict-return -ffp-contract=on -fno-rounding-math -funwind-tables=2 -target-sdk-version=14.5 -fvisibility-inlines-hidden-static-local-var -target-cpu penryn -tune-cpu generic -debugger-tuning=lldb -target-linker-version 1053.12 -v -fcoverage-compilation-dir=/Users/smykolaj/SEMESTER4/NAI/cppKnapsack/cmake-build-debug/CMakeFiles/CMakeTmp -resource-dir /Applications/Xcode.app/Contents/Developer/Toolchains/XcodeDefault.xctoolchain/usr/lib/clang/15.0.0 -dependency-file CMakeFiles/cmTC_31aa0.dir/CMakeCCompilerABI.c.o.d -skip-unused-modulemap-deps -MT CMakeFiles/cmTC_31aa0.dir/CMakeCCompilerABI.c.o -sys-header-deps -isysroot /Applications/Xcode.app/Contents/Developer/Platforms/MacOSX.platform/Developer/SDKs/MacOSX14.5.sdk -internal-isystem /Applications/Xcode.app/Contents/Developer/Platforms/MacOSX.platform/Developer/SDKs/MacOSX14.5.sdk/usr/local/include -internal-isystem /Applications/Xcode.app/Contents/Developer/Toolchains/XcodeDefault.xctoolchain/usr/lib/clang/15.0.0/include -internal-externc-isystem /Applications/Xcode.app/Contents/Developer/Platforms/MacOSX.platform/Developer/SDKs/MacOSX14.5.sdk/usr/include -internal-externc-isystem /Applications/Xcode.app/Contents/Developer/Toolchains/XcodeDefault.xctoolchain/usr/include -Wno-reorder-init-list -Wno-implicit-int-float-conversion -Wno-c99-designator -Wno-final-dtor-non-final-class -Wno-extra-semi-stmt -Wno-misleading-indentation -Wno-quoted-include-in-framework-header -Wno-implicit-fallthrough -Wno-enum-enum-conversion -Wno-enum-float-conversion -Wno-elaborated-enum-base -Wno-reserved-identifier -Wno-gnu-folding-constant -fdebug-compilation-dir=/Users/smykolaj/SEMESTER4/NAI/cppKnapsack/cmake-build-debug/CMakeFiles/CMakeTmp -ferror-limit 19 -stack-protector 1 -fstack-check -mdarwin-stkchk-strong-link -fblocks -fencode-extended-block-signature -fregister-global-dtors-with-atexit -fgnuc-version=4.2.1 -fmax-type-align=16 -fcommon -fcolor-diagnostics -clang-vendor-feature=+disableNonDependentMemberExprInCurrentInstantiation -fno-odr-hash-protocols -clang-vendor-feature=+enableAggressiveVLAFolding -clang-vendor-feature=+revert09abecef7bbf -clang-vendor-feature=+thisNoAlignAttr -clang-vendor-feature=+thisNoNullAttr -mllvm -disable-aligned-alloc-awareness=1 -D__GCC_HAVE_DWARF2_CFI_ASM=1 -o CMakeFiles/cmTC_31aa0.dir/CMakeCCompilerABI.c.o -x c /Applications/CLion.app/Contents/bin/cmake/mac/share/cmake-3.24/Modules/CMakeCCompilerABI.c]
  ignore line: [clang -cc1 version 15.0.0 (clang-1500.3.9.4) default target x86_64-apple-darwin23.5.0]
  ignore line: [ignoring nonexistent directory "/Applications/Xcode.app/Contents/Developer/Platforms/MacOSX.platform/Developer/SDKs/MacOSX14.5.sdk/usr/local/include"]
  ignore line: [ignoring nonexistent directory "/Applications/Xcode.app/Contents/Developer/Platforms/MacOSX.platform/Developer/SDKs/MacOSX14.5.sdk/Library/Frameworks"]
  ignore line: [#include "..." search starts here:]
  ignore line: [#include <...> search starts here:]
  ignore line: [ /Applications/Xcode.app/Contents/Developer/Toolchains/XcodeDefault.xctoolchain/usr/lib/clang/15.0.0/include]
  ignore line: [ /Applications/Xcode.app/Contents/Developer/Platforms/MacOSX.platform/Developer/SDKs/MacOSX14.5.sdk/usr/include]
  ignore line: [ /Applications/Xcode.app/Contents/Developer/Toolchains/XcodeDefault.xctoolchain/usr/include]
  ignore line: [ /Applications/Xcode.app/Contents/Developer/Platforms/MacOSX.platform/Developer/SDKs/MacOSX14.5.sdk/System/Library/Frameworks (framework directory)]
  ignore line: [End of search list.]
  ignore line: [[2/2] Linking C executable cmTC_31aa0]
  ignore line: [Apple clang version 15.0.0 (clang-1500.3.9.4)]
  ignore line: [Target: x86_64-apple-darwin23.5.0]
  ignore line: [Thread model: posix]
  ignore line: [InstalledDir: /Applications/Xcode.app/Contents/Developer/Toolchains/XcodeDefault.xctoolchain/usr/bin]
  link line: [ "/Applications/Xcode.app/Contents/Developer/Toolchains/XcodeDefault.xctoolchain/usr/bin/ld" -demangle -lto_library /Applications/Xcode.app/Contents/Developer/Toolchains/XcodeDefault.xctoolchain/usr/lib/libLTO.dylib -dynamic -arch x86_64 -platform_version macos 14.0.0 14.5 -syslibroot /Applications/Xcode.app/Contents/Developer/Platforms/MacOSX.platform/Developer/SDKs/MacOSX14.5.sdk -o cmTC_31aa0 -search_paths_first -headerpad_max_install_names -v CMakeFiles/cmTC_31aa0.dir/CMakeCCompilerABI.c.o -lSystem /Applications/Xcode.app/Contents/Developer/Toolchains/XcodeDefault.xctoolchain/usr/lib/clang/15.0.0/lib/darwin/libclang_rt.osx.a]
    arg [/Applications/Xcode.app/Contents/Developer/Toolchains/XcodeDefault.xctoolchain/usr/bin/ld] ==> ignore
    arg [-demangle] ==> ignore
    arg [-lto_library] ==> ignore, skip following value
    arg [/Applications/Xcode.app/Contents/Developer/Toolchains/XcodeDefault.xctoolchain/usr/lib/libLTO.dylib] ==> skip value of -lto_library
    arg [-dynamic] ==> ignore
    arg [-arch] ==> ignore
    arg [x86_64] ==> ignore
    arg [-platform_version] ==> ignore
    arg [macos] ==> ignore
    arg [14.0.0] ==> ignore
    arg [14.5] ==> ignore
    arg [-syslibroot] ==> ignore
    arg [/Applications/Xcode.app/Contents/Developer/Platforms/MacOSX.platform/Developer/SDKs/MacOSX14.5.sdk] ==> ignore
    arg [-o] ==> ignore
    arg [cmTC_31aa0] ==> ignore
    arg [-search_paths_first] ==> ignore
    arg [-headerpad_max_install_names] ==> ignore
    arg [-v] ==> ignore
    arg [CMakeFiles/cmTC_31aa0.dir/CMakeCCompilerABI.c.o] ==> ignore
    arg [-lSystem] ==> lib [System]
    arg [/Applications/Xcode.app/Contents/Developer/Toolchains/XcodeDefault.xctoolchain/usr/lib/clang/15.0.0/lib/darwin/libclang_rt.osx.a] ==> lib [/Applications/Xcode.app/Contents/Developer/Toolchains/XcodeDefault.xctoolchain/usr/lib/clang/15.0.0/lib/darwin/libclang_rt.osx.a]
  Library search paths: [;/Applications/Xcode.app/Contents/Developer/Platforms/MacOSX.platform/Developer/SDKs/MacOSX14.5.sdk/usr/lib;/Applications/Xcode.app/Contents/Developer/Platforms/MacOSX.platform/Developer/SDKs/MacOSX14.5.sdk/usr/lib/swift]
  Framework search paths: [;/Applications/Xcode.app/Contents/Developer/Platforms/MacOSX.platform/Developer/SDKs/MacOSX14.5.sdk/System/Library/Frameworks]
  remove lib [System]
  remove lib [/Applications/Xcode.app/Contents/Developer/Toolchains/XcodeDefault.xctoolchain/usr/lib/clang/15.0.0/lib/darwin/libclang_rt.osx.a]
  collapse library dir [/Applications/Xcode.app/Contents/Developer/Platforms/MacOSX.platform/Developer/SDKs/MacOSX14.5.sdk/usr/lib] ==> [/Applications/Xcode.app/Contents/Developer/Platforms/MacOSX.platform/Developer/SDKs/MacOSX14.5.sdk/usr/lib]
  collapse library dir [/Applications/Xcode.app/Contents/Developer/Platforms/MacOSX.platform/Developer/SDKs/MacOSX14.5.sdk/usr/lib/swift] ==> [/Applications/Xcode.app/Contents/Developer/Platforms/MacOSX.platform/Developer/SDKs/MacOSX14.5.sdk/usr/lib/swift]
  collapse framework dir [/Applications/Xcode.app/Contents/Developer/Platforms/MacOSX.platform/Developer/SDKs/MacOSX14.5.sdk/System/Library/Frameworks] ==> [/Applications/Xcode.app/Contents/Developer/Platforms/MacOSX.platform/Developer/SDKs/MacOSX14.5.sdk/System/Library/Frameworks]
  implicit libs: []
  implicit objs: []
  implicit dirs: [/Applications/Xcode.app/Contents/Developer/Platforms/MacOSX.platform/Developer/SDKs/MacOSX14.5.sdk/usr/lib;/Applications/Xcode.app/Contents/Developer/Platforms/MacOSX.platform/Developer/SDKs/MacOSX14.5.sdk/usr/lib/swift]
  implicit fwks: [/Applications/Xcode.app/Contents/Developer/Platforms/MacOSX.platform/Developer/SDKs/MacOSX14.5.sdk/System/Library/Frameworks]


Detecting CXX compiler ABI info compiled with the following output:
Change Dir: /Users/smykolaj/SEMESTER4/NAI/cppKnapsack/cmake-build-debug/CMakeFiles/CMakeTmp

Run Build Command(s):/Applications/CLion.app/Contents/bin/ninja/mac/ninja cmTC_10718 && [1/2] Building CXX object CMakeFiles/cmTC_10718.dir/CMakeCXXCompilerABI.cpp.o
Using built-in specs.
COLLECT_GCC=/usr/local/bin/g++-11
Target: x86_64-apple-darwin21
Configured with: ../configure --prefix=/usr/local/opt/gcc@11 --libdir=/usr/local/opt/gcc@11/lib/gcc/11 --disable-nls --enable-checking=release --with-gcc-major-version-only --enable-languages=c,c++,objc,obj-c++,fortran,d --program-suffix=-11 --with-gmp=/usr/local/opt/gmp --with-mpfr=/usr/local/opt/mpfr --with-mpc=/usr/local/opt/libmpc --with-isl=/usr/local/opt/isl --with-zstd=/usr/local/opt/zstd --with-pkgversion='Homebrew GCC 11.3.0' --with-bugurl=https://github.com/Homebrew/homebrew-core/issues --enable-libphobos --build=x86_64-apple-darwin21 --with-system-zlib --with-sysroot=/Library/Developer/CommandLineTools/SDKs/MacOSX12.sdk
Thread model: posix
Supported LTO compression algorithms: zlib zstd
gcc version 11.3.0 (Homebrew GCC 11.3.0) 
COLLECT_GCC_OPTIONS='-fdiagnostics-color=always' '-isysroot' '/Applications/Xcode.app/Contents/Developer/Platforms/MacOSX.platform/Developer/SDKs/MacOSX14.5.sdk' '-v' '-o' 'CMakeFiles/cmTC_10718.dir/CMakeCXXCompilerABI.cpp.o' '-c' '-mmacosx-version-min=14.0.0' '-asm_macosx_version_min=14.0' '-nodefaultexport' '-shared-libgcc' '-mtune=core2' '-dumpdir' 'CMakeFiles/cmTC_10718.dir/'
 /usr/local/Cellar/gcc@11/11.3.0/bin/../libexec/gcc/x86_64-apple-darwin21/11/cc1plus -quiet -v -iprefix /usr/local/Cellar/gcc@11/11.3.0/bin/../lib/gcc/11/gcc/x86_64-apple-darwin21/11/ -D__DYNAMIC__ -isysroot /Applications/Xcode.app/Contents/Developer/Platforms/MacOSX.platform/Developer/SDKs/MacOSX14.5.sdk /Applications/CLion.app/Contents/bin/cmake/mac/share/cmake-3.24/Modules/CMakeCXXCompilerABI.cpp -fPIC -quiet -dumpdir CMakeFiles/cmTC_10718.dir/ -dumpbase CMakeCXXCompilerABI.cpp.cpp -dumpbase-ext .cpp -mmacosx-version-min=14.0.0 -mtune=core2 -version -fdiagnostics-color=always -o /var/folders/kv/59yzncbs3_v3lp51tb34dwrw0000gn/T//ccWPXwUn.s
GNU C++17 (Homebrew GCC 11.3.0) version 11.3.0 (x86_64-apple-darwin21)
	compiled by GNU C version 11.3.0, GMP version 6.2.1, MPFR version 4.1.0-p13, MPC version 1.2.1, isl version isl-0.26-GMP

warning: GMP header version 6.2.1 differs from library version 6.3.0.
warning: MPFR header version 4.1.0-p13 differs from library version 4.2.1.
warning: MPC header version 1.2.1 differs from library version 1.3.1.
GGC heuristics: --param ggc-min-expand=100 --param ggc-min-heapsize=131072
ignoring nonexistent directory "/usr/local/Cellar/gcc@11/11.3.0/bin/../lib/gcc/11/gcc/x86_64-apple-darwin21/11/../../../../../../x86_64-apple-darwin21/include"
ignoring duplicate directory "/usr/local/Cellar/gcc@11/11.3.0/bin/../lib/gcc/11/gcc/../../../../lib/gcc/11/gcc/x86_64-apple-darwin21/11/../../../../../../include/c++/11"
ignoring duplicate directory "/usr/local/Cellar/gcc@11/11.3.0/bin/../lib/gcc/11/gcc/../../../../lib/gcc/11/gcc/x86_64-apple-darwin21/11/../../../../../../include/c++/11/x86_64-apple-darwin21"
ignoring duplicate directory "/usr/local/Cellar/gcc@11/11.3.0/bin/../lib/gcc/11/gcc/../../../../lib/gcc/11/gcc/x86_64-apple-darwin21/11/../../../../../../include/c++/11/backward"
ignoring duplicate directory "/usr/local/Cellar/gcc@11/11.3.0/bin/../lib/gcc/11/gcc/../../../../lib/gcc/11/gcc/x86_64-apple-darwin21/11/include"
ignoring nonexistent directory "/Applications/Xcode.app/Contents/Developer/Platforms/MacOSX.platform/Developer/SDKs/MacOSX14.5.sdk/usr/local/include"
ignoring duplicate directory "/usr/local/Cellar/gcc@11/11.3.0/bin/../lib/gcc/11/gcc/../../../../lib/gcc/11/gcc/x86_64-apple-darwin21/11/include-fixed"
ignoring nonexistent directory "/usr/local/Cellar/gcc@11/11.3.0/bin/../lib/gcc/11/gcc/../../../../lib/gcc/11/gcc/x86_64-apple-darwin21/11/../../../../../../x86_64-apple-darwin21/include"
ignoring nonexistent directory "/Applications/Xcode.app/Contents/Developer/Platforms/MacOSX.platform/Developer/SDKs/MacOSX14.5.sdk/Library/Frameworks"
#include "..." search starts here:
#include <...> search starts here:
 /usr/local/Cellar/gcc@11/11.3.0/bin/../lib/gcc/11/gcc/x86_64-apple-darwin21/11/../../../../../../include/c++/11
 /usr/local/Cellar/gcc@11/11.3.0/bin/../lib/gcc/11/gcc/x86_64-apple-darwin21/11/../../../../../../include/c++/11/x86_64-apple-darwin21
 /usr/local/Cellar/gcc@11/11.3.0/bin/../lib/gcc/11/gcc/x86_64-apple-darwin21/11/../../../../../../include/c++/11/backward
 /usr/local/Cellar/gcc@11/11.3.0/bin/../lib/gcc/11/gcc/x86_64-apple-darwin21/11/include
 /usr/local/Cellar/gcc@11/11.3.0/bin/../lib/gcc/11/gcc/x86_64-apple-darwin21/11/include-fixed
 /Applications/Xcode.app/Contents/Developer/Platforms/MacOSX.platform/Developer/SDKs/MacOSX14.5.sdk/usr/include
 /Applications/Xcode.app/Contents/Developer/Platforms/MacOSX.platform/Developer/SDKs/MacOSX14.5.sdk/System/Library/Frameworks
End of search list.
GNU C++17 (Homebrew GCC 11.3.0) version 11.3.0 (x86_64-apple-darwin21)
	compiled by GNU C version 11.3.0, GMP version 6.2.1, MPFR version 4.1.0-p13, MPC version 1.2.1, isl version isl-0.26-GMP

warning: GMP header version 6.2.1 differs from library version 6.3.0.
warning: MPFR header version 4.1.0-p13 differs from library version 4.2.1.
warning: MPC header version 1.2.1 differs from library version 1.3.1.
GGC heuristics: --param ggc-min-expand=100 --param ggc-min-heapsize=131072
Compiler executable checksum: 961d777c57795d54ab790c5535894e10
COLLECT_GCC_OPTIONS='-fdiagnostics-color=always' '-isysroot' '/Applications/Xcode.app/Contents/Developer/Platforms/MacOSX.platform/Developer/SDKs/MacOSX14.5.sdk' '-v' '-o' 'CMakeFiles/cmTC_10718.dir/CMakeCXXCompilerABI.cpp.o' '-c' '-mmacosx-version-min=14.0.0'  '-nodefaultexport' '-shared-libgcc' '-mtune=core2' '-dumpdir' 'CMakeFiles/cmTC_10718.dir/'
 as -arch x86_64 -v -mmacosx-version-min=14.0 -mllvm -x86-pad-for-align=false -force_cpusubtype_ALL -o CMakeFiles/cmTC_10718.dir/CMakeCXXCompilerABI.cpp.o /var/folders/kv/59yzncbs3_v3lp51tb34dwrw0000gn/T//ccWPXwUn.s
Apple clang version 15.0.0 (clang-1500.3.9.4)
Target: x86_64-apple-darwin23.5.0
Thread model: posix
InstalledDir: /Applications/Xcode.app/Contents/Developer/Toolchains/XcodeDefault.xctoolchain/usr/bin
 "/Applications/Xcode.app/Contents/Developer/Toolchains/XcodeDefault.xctoolchain/usr/bin/clang" -cc1as -triple x86_64-apple-macosx14.0.0 -filetype obj -main-file-name ccWPXwUn.s -target-cpu penryn -fdebug-compilation-dir=/Users/smykolaj/SEMESTER4/NAI/cppKnapsack/cmake-build-debug/CMakeFiles/CMakeTmp -dwarf-debug-producer "Apple clang version 15.0.0 (clang-1500.3.9.4)" -dwarf-version=4 -mrelocation-model pic --mrelax-relocations -mllvm -x86-pad-for-align=false -mllvm -disable-aligned-alloc-awareness=1 -o CMakeFiles/cmTC_10718.dir/CMakeCXXCompilerABI.cpp.o /var/folders/kv/59yzncbs3_v3lp51tb34dwrw0000gn/T//ccWPXwUn.s
COMPILER_PATH=/usr/local/Cellar/gcc@11/11.3.0/bin/../libexec/gcc/x86_64-apple-darwin21/11/:/usr/local/Cellar/gcc@11/11.3.0/bin/../libexec/gcc/
LIBRARY_PATH=/usr/local/Cellar/gcc@11/11.3.0/bin/../lib/gcc/11/gcc/x86_64-apple-darwin21/11/:/usr/local/Cellar/gcc@11/11.3.0/bin/../lib/gcc/11/gcc/:/usr/local/Cellar/gcc@11/11.3.0/bin/../lib/gcc/11/gcc/x86_64-apple-darwin21/11/../../../
COLLECT_GCC_OPTIONS='-fdiagnostics-color=always' '-isysroot' '/Applications/Xcode.app/Contents/Developer/Platforms/MacOSX.platform/Developer/SDKs/MacOSX14.5.sdk' '-v' '-o' 'CMakeFiles/cmTC_10718.dir/CMakeCXXCompilerABI.cpp.o' '-c' '-mmacosx-version-min=14.0.0'  '-nodefaultexport' '-shared-libgcc' '-mtune=core2' '-dumpdir' 'CMakeFiles/cmTC_10718.dir/CMakeCXXCompilerABI.cpp.'
[2/2] Linking CXX executable cmTC_10718
Using built-in specs.
COLLECT_GCC=/usr/local/bin/g++-11
COLLECT_LTO_WRAPPER=/usr/local/Cellar/gcc@11/11.3.0/bin/../libexec/gcc/x86_64-apple-darwin21/11/lto-wrapper
Target: x86_64-apple-darwin21
Configured with: ../configure --prefix=/usr/local/opt/gcc@11 --libdir=/usr/local/opt/gcc@11/lib/gcc/11 --disable-nls --enable-checking=release --with-gcc-major-version-only --enable-languages=c,c++,objc,obj-c++,fortran,d --program-suffix=-11 --with-gmp=/usr/local/opt/gmp --with-mpfr=/usr/local/opt/mpfr --with-mpc=/usr/local/opt/libmpc --with-isl=/usr/local/opt/isl --with-zstd=/usr/local/opt/zstd --with-pkgversion='Homebrew GCC 11.3.0' --with-bugurl=https://github.com/Homebrew/homebrew-core/issues --enable-libphobos --build=x86_64-apple-darwin21 --with-system-zlib --with-sysroot=/Library/Developer/CommandLineTools/SDKs/MacOSX12.sdk
Thread model: posix
Supported LTO compression algorithms: zlib zstd
gcc version 11.3.0 (Homebrew GCC 11.3.0) 
COMPILER_PATH=/usr/local/Cellar/gcc@11/11.3.0/bin/../libexec/gcc/x86_64-apple-darwin21/11/:/usr/local/Cellar/gcc@11/11.3.0/bin/../libexec/gcc/
LIBRARY_PATH=/usr/local/Cellar/gcc@11/11.3.0/bin/../lib/gcc/11/gcc/x86_64-apple-darwin21/11/:/usr/local/Cellar/gcc@11/11.3.0/bin/../lib/gcc/11/gcc/:/usr/local/Cellar/gcc@11/11.3.0/bin/../lib/gcc/11/gcc/x86_64-apple-darwin21/11/../../../
COLLECT_GCC_OPTIONS='-isysroot' '/Applications/Xcode.app/Contents/Developer/Platforms/MacOSX.platform/Developer/SDKs/MacOSX14.5.sdk' '-v' '-o' 'cmTC_10718' '-mmacosx-version-min=14.0.0' '-asm_macosx_version_min=14.0' '-nodefaultexport' '-shared-libgcc' '-mtune=core2' '-dumpdir' 'cmTC_10718.'
 /usr/local/Cellar/gcc@11/11.3.0/bin/../libexec/gcc/x86_64-apple-darwin21/11/collect2 -dynamic -arch x86_64 -syslibroot /Applications/Xcode.app/Contents/Developer/Platforms/MacOSX.platform/Developer/SDKs/MacOSX14.5.sdk -macosx_version_min 14.0.0 -o cmTC_10718 -L/usr/local/Cellar/gcc@11/11.3.0/bin/../lib/gcc/11/gcc/x86_64-apple-darwin21/11 -L/usr/local/Cellar/gcc@11/11.3.0/bin/../lib/gcc/11/gcc -L/usr/local/Cellar/gcc@11/11.3.0/bin/../lib/gcc/11/gcc/x86_64-apple-darwin21/11/../../.. -search_paths_first -headerpad_max_install_names -v CMakeFiles/cmTC_10718.dir/CMakeCXXCompilerABI.cpp.o -lstdc++ -lgcc_s.1.1 -lgcc -lSystem -no_compact_unwind -rpath @loader_path -rpath /usr/local/Cellar/gcc@11/11.3.0/lib/gcc/11/gcc/x86_64-apple-darwin21/11 -rpath /usr/local/Cellar/gcc@11/11.3.0/lib/gcc/11/gcc -rpath /usr/local/Cellar/gcc@11/11.3.0/lib/gcc/11
collect2 version 11.3.0
/usr/bin/ld -dynamic -arch x86_64 -syslibroot /Applications/Xcode.app/Contents/Developer/Platforms/MacOSX.platform/Developer/SDKs/MacOSX14.5.sdk -macosx_version_min 14.0.0 -o cmTC_10718 -L/usr/local/Cellar/gcc@11/11.3.0/bin/../lib/gcc/11/gcc/x86_64-apple-darwin21/11 -L/usr/local/Cellar/gcc@11/11.3.0/bin/../lib/gcc/11/gcc -L/usr/local/Cellar/gcc@11/11.3.0/bin/../lib/gcc/11/gcc/x86_64-apple-darwin21/11/../../.. -search_paths_first -headerpad_max_install_names -v CMakeFiles/cmTC_10718.dir/CMakeCXXCompilerABI.cpp.o -lstdc++ -lgcc_s.1.1 -lgcc -lSystem -no_compact_unwind -rpath @loader_path -rpath /usr/local/Cellar/gcc@11/11.3.0/lib/gcc/11/gcc/x86_64-apple-darwin21/11 -rpath /usr/local/Cellar/gcc@11/11.3.0/lib/gcc/11/gcc -rpath /usr/local/Cellar/gcc@11/11.3.0/lib/gcc/11
-macosx_version_min has been renamed to -macos_version_min
@(#)PROGRAM:ld PROJECT:ld-1053.12
BUILD 10:14:46 Mar 29 2024
configured to support archs: armv6 armv7 armv7s arm64 arm64e arm64_32 i386 x86_64 x86_64h armv6m armv7k armv7m armv7em
will use ld-classic for: armv6 armv7 armv7s arm64_32 i386 armv6m armv7k armv7m armv7em
LTO support using: LLVM version 15.0.0 (static support for 29, runtime is 29)
TAPI support using: Apple TAPI version 15.0.0 (tapi-1500.3.2.2)
Library search paths:
	/usr/local/Cellar/gcc@11/11.3.0/lib/gcc/11/gcc/x86_64-apple-darwin21/11
	/usr/local/Cellar/gcc@11/11.3.0/lib/gcc/11/gcc
	/usr/local/Cellar/gcc@11/11.3.0/lib/gcc/11
	/Applications/Xcode.app/Contents/Developer/Platforms/MacOSX.platform/Developer/SDKs/MacOSX14.5.sdk/usr/lib
	/Applications/Xcode.app/Contents/Developer/Platforms/MacOSX.platform/Developer/SDKs/MacOSX14.5.sdk/usr/lib/swift
Framework search paths:
	/Applications/Xcode.app/Contents/Developer/Platforms/MacOSX.platform/Developer/SDKs/MacOSX14.5.sdk/System/Library/Frameworks



Parsed CXX implicit include dir info from above output: rv=done
  found start of include info
  found start of implicit include info
    add: [/usr/local/Cellar/gcc@11/11.3.0/bin/../lib/gcc/11/gcc/x86_64-apple-darwin21/11/../../../../../../include/c++/11]
    add: [/usr/local/Cellar/gcc@11/11.3.0/bin/../lib/gcc/11/gcc/x86_64-apple-darwin21/11/../../../../../../include/c++/11/x86_64-apple-darwin21]
    add: [/usr/local/Cellar/gcc@11/11.3.0/bin/../lib/gcc/11/gcc/x86_64-apple-darwin21/11/../../../../../../include/c++/11/backward]
    add: [/usr/local/Cellar/gcc@11/11.3.0/bin/../lib/gcc/11/gcc/x86_64-apple-darwin21/11/include]
    add: [/usr/local/Cellar/gcc@11/11.3.0/bin/../lib/gcc/11/gcc/x86_64-apple-darwin21/11/include-fixed]
    add: [/Applications/Xcode.app/Contents/Developer/Platforms/MacOSX.platform/Developer/SDKs/MacOSX14.5.sdk/usr/include]
    add: [/Applications/Xcode.app/Contents/Developer/Platforms/MacOSX.platform/Developer/SDKs/MacOSX14.5.sdk/System/Library/Frameworks]
  end of search list found
  collapse include dir [/usr/local/Cellar/gcc@11/11.3.0/bin/../lib/gcc/11/gcc/x86_64-apple-darwin21/11/../../../../../../include/c++/11] ==> [/usr/local/Cellar/gcc@11/11.3.0/include/c++/11]
  collapse include dir [/usr/local/Cellar/gcc@11/11.3.0/bin/../lib/gcc/11/gcc/x86_64-apple-darwin21/11/../../../../../../include/c++/11/x86_64-apple-darwin21] ==> [/usr/local/Cellar/gcc@11/11.3.0/include/c++/11/x86_64-apple-darwin21]
  collapse include dir [/usr/local/Cellar/gcc@11/11.3.0/bin/../lib/gcc/11/gcc/x86_64-apple-darwin21/11/../../../../../../include/c++/11/backward] ==> [/usr/local/Cellar/gcc@11/11.3.0/include/c++/11/backward]
  collapse include dir [/usr/local/Cellar/gcc@11/11.3.0/bin/../lib/gcc/11/gcc/x86_64-apple-darwin21/11/include] ==> [/usr/local/Cellar/gcc@11/11.3.0/lib/gcc/11/gcc/x86_64-apple-darwin21/11/include]
  collapse include dir [/usr/local/Cellar/gcc@11/11.3.0/bin/../lib/gcc/11/gcc/x86_64-apple-darwin21/11/include-fixed] ==> [/usr/local/Cellar/gcc@11/11.3.0/lib/gcc/11/gcc/x86_64-apple-darwin21/11/include-fixed]
  collapse include dir [/Applications/Xcode.app/Contents/Developer/Platforms/MacOSX.platform/Developer/SDKs/MacOSX14.5.sdk/usr/include] ==> [/Applications/Xcode.app/Contents/Developer/Platforms/MacOSX.platform/Developer/SDKs/MacOSX14.5.sdk/usr/include]
  collapse include dir [/Applications/Xcode.app/Contents/Developer/Platforms/MacOSX.platform/Developer/SDKs/MacOSX14.5.sdk/System/Library/Frameworks] ==> [/Applications/Xcode.app/Contents/Developer/Platforms/MacOSX.platform/Developer/SDKs/MacOSX14.5.sdk/System/Library/Frameworks]
  implicit include dirs: [/usr/local/Cellar/gcc@11/11.3.0/include/c++/11;/usr/local/Cellar/gcc@11/11.3.0/include/c++/11/x86_64-apple-darwin21;/usr/local/Cellar/gcc@11/11.3.0/include/c++/11/backward;/usr/local/Cellar/gcc@11/11.3.0/lib/gcc/11/gcc/x86_64-apple-darwin21/11/include;/usr/local/Cellar/gcc@11/11.3.0/lib/gcc/11/gcc/x86_64-apple-darwin21/11/include-fixed;/Applications/Xcode.app/Contents/Developer/Platforms/MacOSX.platform/Developer/SDKs/MacOSX14.5.sdk/usr/include;/Applications/Xcode.app/Contents/Developer/Platforms/MacOSX.platform/Developer/SDKs/MacOSX14.5.sdk/System/Library/Frameworks]


Parsed CXX implicit link information from above output:
  link line regex: [^( *|.*[/\])(ld|CMAKE_LINK_STARTFILE-NOTFOUND|([^/\]+-)?ld|collect2)[^/\]*( |$)]
  ignore line: [Change Dir: /Users/smykolaj/SEMESTER4/NAI/cppKnapsack/cmake-build-debug/CMakeFiles/CMakeTmp]
  ignore line: []
  ignore line: [Run Build Command(s):/Applications/CLion.app/Contents/bin/ninja/mac/ninja cmTC_10718 && [1/2] Building CXX object CMakeFiles/cmTC_10718.dir/CMakeCXXCompilerABI.cpp.o]
  ignore line: [Using built-in specs.]
  ignore line: [COLLECT_GCC=/usr/local/bin/g++-11]
  ignore line: [Target: x86_64-apple-darwin21]
  ignore line: [Configured with: ../configure --prefix=/usr/local/opt/gcc@11 --libdir=/usr/local/opt/gcc@11/lib/gcc/11 --disable-nls --enable-checking=release --with-gcc-major-version-only --enable-languages=c c++ objc obj-c++ fortran d --program-suffix=-11 --with-gmp=/usr/local/opt/gmp --with-mpfr=/usr/local/opt/mpfr --with-mpc=/usr/local/opt/libmpc --with-isl=/usr/local/opt/isl --with-zstd=/usr/local/opt/zstd --with-pkgversion='Homebrew GCC 11.3.0' --with-bugurl=https://github.com/Homebrew/homebrew-core/issues --enable-libphobos --build=x86_64-apple-darwin21 --with-system-zlib --with-sysroot=/Library/Developer/CommandLineTools/SDKs/MacOSX12.sdk]
  ignore line: [Thread model: posix]
  ignore line: [Supported LTO compression algorithms: zlib zstd]
  ignore line: [gcc version 11.3.0 (Homebrew GCC 11.3.0) ]
  ignore line: [COLLECT_GCC_OPTIONS='-fdiagnostics-color=always' '-isysroot' '/Applications/Xcode.app/Contents/Developer/Platforms/MacOSX.platform/Developer/SDKs/MacOSX14.5.sdk' '-v' '-o' 'CMakeFiles/cmTC_10718.dir/CMakeCXXCompilerABI.cpp.o' '-c' '-mmacosx-version-min=14.0.0' '-asm_macosx_version_min=14.0' '-nodefaultexport' '-shared-libgcc' '-mtune=core2' '-dumpdir' 'CMakeFiles/cmTC_10718.dir/']
  ignore line: [ /usr/local/Cellar/gcc@11/11.3.0/bin/../libexec/gcc/x86_64-apple-darwin21/11/cc1plus -quiet -v -iprefix /usr/local/Cellar/gcc@11/11.3.0/bin/../lib/gcc/11/gcc/x86_64-apple-darwin21/11/ -D__DYNAMIC__ -isysroot /Applications/Xcode.app/Contents/Developer/Platforms/MacOSX.platform/Developer/SDKs/MacOSX14.5.sdk /Applications/CLion.app/Contents/bin/cmake/mac/share/cmake-3.24/Modules/CMakeCXXCompilerABI.cpp -fPIC -quiet -dumpdir CMakeFiles/cmTC_10718.dir/ -dumpbase CMakeCXXCompilerABI.cpp.cpp -dumpbase-ext .cpp -mmacosx-version-min=14.0.0 -mtune=core2 -version -fdiagnostics-color=always -o /var/folders/kv/59yzncbs3_v3lp51tb34dwrw0000gn/T//ccWPXwUn.s]
  ignore line: [GNU C++17 (Homebrew GCC 11.3.0) version 11.3.0 (x86_64-apple-darwin21)]
  ignore line: [	compiled by GNU C version 11.3.0  GMP version 6.2.1  MPFR version 4.1.0-p13  MPC version 1.2.1  isl version isl-0.26-GMP]
  ignore line: []
  ignore line: [warning: GMP header version 6.2.1 differs from library version 6.3.0.]
  ignore line: [warning: MPFR header version 4.1.0-p13 differs from library version 4.2.1.]
  ignore line: [warning: MPC header version 1.2.1 differs from library version 1.3.1.]
  ignore line: [GGC heuristics: --param ggc-min-expand=100 --param ggc-min-heapsize=131072]
  ignore line: [ignoring nonexistent directory "/usr/local/Cellar/gcc@11/11.3.0/bin/../lib/gcc/11/gcc/x86_64-apple-darwin21/11/../../../../../../x86_64-apple-darwin21/include"]
  ignore line: [ignoring duplicate directory "/usr/local/Cellar/gcc@11/11.3.0/bin/../lib/gcc/11/gcc/../../../../lib/gcc/11/gcc/x86_64-apple-darwin21/11/../../../../../../include/c++/11"]
  ignore line: [ignoring duplicate directory "/usr/local/Cellar/gcc@11/11.3.0/bin/../lib/gcc/11/gcc/../../../../lib/gcc/11/gcc/x86_64-apple-darwin21/11/../../../../../../include/c++/11/x86_64-apple-darwin21"]
  ignore line: [ignoring duplicate directory "/usr/local/Cellar/gcc@11/11.3.0/bin/../lib/gcc/11/gcc/../../../../lib/gcc/11/gcc/x86_64-apple-darwin21/11/../../../../../../include/c++/11/backward"]
  ignore line: [ignoring duplicate directory "/usr/local/Cellar/gcc@11/11.3.0/bin/../lib/gcc/11/gcc/../../../../lib/gcc/11/gcc/x86_64-apple-darwin21/11/include"]
  ignore line: [ignoring nonexistent directory "/Applications/Xcode.app/Contents/Developer/Platforms/MacOSX.platform/Developer/SDKs/MacOSX14.5.sdk/usr/local/include"]
  ignore line: [ignoring duplicate directory "/usr/local/Cellar/gcc@11/11.3.0/bin/../lib/gcc/11/gcc/../../../../lib/gcc/11/gcc/x86_64-apple-darwin21/11/include-fixed"]
  ignore line: [ignoring nonexistent directory "/usr/local/Cellar/gcc@11/11.3.0/bin/../lib/gcc/11/gcc/../../../../lib/gcc/11/gcc/x86_64-apple-darwin21/11/../../../../../../x86_64-apple-darwin21/include"]
  ignore line: [ignoring nonexistent directory "/Applications/Xcode.app/Contents/Developer/Platforms/MacOSX.platform/Developer/SDKs/MacOSX14.5.sdk/Library/Frameworks"]
  ignore line: [#include "..." search starts here:]
  ignore line: [#include <...> search starts here:]
  ignore line: [ /usr/local/Cellar/gcc@11/11.3.0/bin/../lib/gcc/11/gcc/x86_64-apple-darwin21/11/../../../../../../include/c++/11]
  ignore line: [ /usr/local/Cellar/gcc@11/11.3.0/bin/../lib/gcc/11/gcc/x86_64-apple-darwin21/11/../../../../../../include/c++/11/x86_64-apple-darwin21]
  ignore line: [ /usr/local/Cellar/gcc@11/11.3.0/bin/../lib/gcc/11/gcc/x86_64-apple-darwin21/11/../../../../../../include/c++/11/backward]
  ignore line: [ /usr/local/Cellar/gcc@11/11.3.0/bin/../lib/gcc/11/gcc/x86_64-apple-darwin21/11/include]
  ignore line: [ /usr/local/Cellar/gcc@11/11.3.0/bin/../lib/gcc/11/gcc/x86_64-apple-darwin21/11/include-fixed]
  ignore line: [ /Applications/Xcode.app/Contents/Developer/Platforms/MacOSX.platform/Developer/SDKs/MacOSX14.5.sdk/usr/include]
  ignore line: [ /Applications/Xcode.app/Contents/Developer/Platforms/MacOSX.platform/Developer/SDKs/MacOSX14.5.sdk/System/Library/Frameworks]
  ignore line: [End of search list.]
  ignore line: [GNU C++17 (Homebrew GCC 11.3.0) version 11.3.0 (x86_64-apple-darwin21)]
  ignore line: [	compiled by GNU C version 11.3.0  GMP version 6.2.1  MPFR version 4.1.0-p13  MPC version 1.2.1  isl version isl-0.26-GMP]
  ignore line: []
  ignore line: [warning: GMP header version 6.2.1 differs from library version 6.3.0.]
  ignore line: [warning: MPFR header version 4.1.0-p13 differs from library version 4.2.1.]
  ignore line: [warning: MPC header version 1.2.1 differs from library version 1.3.1.]
  ignore line: [GGC heuristics: --param ggc-min-expand=100 --param ggc-min-heapsize=131072]
  ignore line: [Compiler executable checksum: 961d777c57795d54ab790c5535894e10]
  ignore line: [COLLECT_GCC_OPTIONS='-fdiagnostics-color=always' '-isysroot' '/Applications/Xcode.app/Contents/Developer/Platforms/MacOSX.platform/Developer/SDKs/MacOSX14.5.sdk' '-v' '-o' 'CMakeFiles/cmTC_10718.dir/CMakeCXXCompilerABI.cpp.o' '-c' '-mmacosx-version-min=14.0.0'  '-nodefaultexport' '-shared-libgcc' '-mtune=core2' '-dumpdir' 'CMakeFiles/cmTC_10718.dir/']
  ignore line: [ as -arch x86_64 -v -mmacosx-version-min=14.0 -mllvm -x86-pad-for-align=false -force_cpusubtype_ALL -o CMakeFiles/cmTC_10718.dir/CMakeCXXCompilerABI.cpp.o /var/folders/kv/59yzncbs3_v3lp51tb34dwrw0000gn/T//ccWPXwUn.s]
  ignore line: [Apple clang version 15.0.0 (clang-1500.3.9.4)]
  ignore line: [Target: x86_64-apple-darwin23.5.0]
  ignore line: [Thread model: posix]
  ignore line: [InstalledDir: /Applications/Xcode.app/Contents/Developer/Toolchains/XcodeDefault.xctoolchain/usr/bin]
  ignore line: [ "/Applications/Xcode.app/Contents/Developer/Toolchains/XcodeDefault.xctoolchain/usr/bin/clang" -cc1as -triple x86_64-apple-macosx14.0.0 -filetype obj -main-file-name ccWPXwUn.s -target-cpu penryn -fdebug-compilation-dir=/Users/smykolaj/SEMESTER4/NAI/cppKnapsack/cmake-build-debug/CMakeFiles/CMakeTmp -dwarf-debug-producer "Apple clang version 15.0.0 (clang-1500.3.9.4)" -dwarf-version=4 -mrelocation-model pic --mrelax-relocations -mllvm -x86-pad-for-align=false -mllvm -disable-aligned-alloc-awareness=1 -o CMakeFiles/cmTC_10718.dir/CMakeCXXCompilerABI.cpp.o /var/folders/kv/59yzncbs3_v3lp51tb34dwrw0000gn/T//ccWPXwUn.s]
  ignore line: [COMPILER_PATH=/usr/local/Cellar/gcc@11/11.3.0/bin/../libexec/gcc/x86_64-apple-darwin21/11/:/usr/local/Cellar/gcc@11/11.3.0/bin/../libexec/gcc/]
  ignore line: [LIBRARY_PATH=/usr/local/Cellar/gcc@11/11.3.0/bin/../lib/gcc/11/gcc/x86_64-apple-darwin21/11/:/usr/local/Cellar/gcc@11/11.3.0/bin/../lib/gcc/11/gcc/:/usr/local/Cellar/gcc@11/11.3.0/bin/../lib/gcc/11/gcc/x86_64-apple-darwin21/11/../../../]
  ignore line: [COLLECT_GCC_OPTIONS='-fdiagnostics-color=always' '-isysroot' '/Applications/Xcode.app/Contents/Developer/Platforms/MacOSX.platform/Developer/SDKs/MacOSX14.5.sdk' '-v' '-o' 'CMakeFiles/cmTC_10718.dir/CMakeCXXCompilerABI.cpp.o' '-c' '-mmacosx-version-min=14.0.0'  '-nodefaultexport' '-shared-libgcc' '-mtune=core2' '-dumpdir' 'CMakeFiles/cmTC_10718.dir/CMakeCXXCompilerABI.cpp.']
  ignore line: [[2/2] Linking CXX executable cmTC_10718]
  ignore line: [Using built-in specs.]
  ignore line: [COLLECT_GCC=/usr/local/bin/g++-11]
  ignore line: [COLLECT_LTO_WRAPPER=/usr/local/Cellar/gcc@11/11.3.0/bin/../libexec/gcc/x86_64-apple-darwin21/11/lto-wrapper]
  ignore line: [Target: x86_64-apple-darwin21]
  ignore line: [Configured with: ../configure --prefix=/usr/local/opt/gcc@11 --libdir=/usr/local/opt/gcc@11/lib/gcc/11 --disable-nls --enable-checking=release --with-gcc-major-version-only --enable-languages=c c++ objc obj-c++ fortran d --program-suffix=-11 --with-gmp=/usr/local/opt/gmp --with-mpfr=/usr/local/opt/mpfr --with-mpc=/usr/local/opt/libmpc --with-isl=/usr/local/opt/isl --with-zstd=/usr/local/opt/zstd --with-pkgversion='Homebrew GCC 11.3.0' --with-bugurl=https://github.com/Homebrew/homebrew-core/issues --enable-libphobos --build=x86_64-apple-darwin21 --with-system-zlib --with-sysroot=/Library/Developer/CommandLineTools/SDKs/MacOSX12.sdk]
  ignore line: [Thread model: posix]
  ignore line: [Supported LTO compression algorithms: zlib zstd]
  ignore line: [gcc version 11.3.0 (Homebrew GCC 11.3.0) ]
  ignore line: [COMPILER_PATH=/usr/local/Cellar/gcc@11/11.3.0/bin/../libexec/gcc/x86_64-apple-darwin21/11/:/usr/local/Cellar/gcc@11/11.3.0/bin/../libexec/gcc/]
  ignore line: [LIBRARY_PATH=/usr/local/Cellar/gcc@11/11.3.0/bin/../lib/gcc/11/gcc/x86_64-apple-darwin21/11/:/usr/local/Cellar/gcc@11/11.3.0/bin/../lib/gcc/11/gcc/:/usr/local/Cellar/gcc@11/11.3.0/bin/../lib/gcc/11/gcc/x86_64-apple-darwin21/11/../../../]
  ignore line: [COLLECT_GCC_OPTIONS='-isysroot' '/Applications/Xcode.app/Contents/Developer/Platforms/MacOSX.platform/Developer/SDKs/MacOSX14.5.sdk' '-v' '-o' 'cmTC_10718' '-mmacosx-version-min=14.0.0' '-asm_macosx_version_min=14.0' '-nodefaultexport' '-shared-libgcc' '-mtune=core2' '-dumpdir' 'cmTC_10718.']
  link line: [ /usr/local/Cellar/gcc@11/11.3.0/bin/../libexec/gcc/x86_64-apple-darwin21/11/collect2 -dynamic -arch x86_64 -syslibroot /Applications/Xcode.app/Contents/Developer/Platforms/MacOSX.platform/Developer/SDKs/MacOSX14.5.sdk -macosx_version_min 14.0.0 -o cmTC_10718 -L/usr/local/Cellar/gcc@11/11.3.0/bin/../lib/gcc/11/gcc/x86_64-apple-darwin21/11 -L/usr/local/Cellar/gcc@11/11.3.0/bin/../lib/gcc/11/gcc -L/usr/local/Cellar/gcc@11/11.3.0/bin/../lib/gcc/11/gcc/x86_64-apple-darwin21/11/../../.. -search_paths_first -headerpad_max_install_names -v CMakeFiles/cmTC_10718.dir/CMakeCXXCompilerABI.cpp.o -lstdc++ -lgcc_s.1.1 -lgcc -lSystem -no_compact_unwind -rpath @loader_path -rpath /usr/local/Cellar/gcc@11/11.3.0/lib/gcc/11/gcc/x86_64-apple-darwin21/11 -rpath /usr/local/Cellar/gcc@11/11.3.0/lib/gcc/11/gcc -rpath /usr/local/Cellar/gcc@11/11.3.0/lib/gcc/11]
    arg [/usr/local/Cellar/gcc@11/11.3.0/bin/../libexec/gcc/x86_64-apple-darwin21/11/collect2] ==> ignore
    arg [-dynamic] ==> ignore
    arg [-arch] ==> ignore
    arg [x86_64] ==> ignore
    arg [-syslibroot] ==> ignore
    arg [/Applications/Xcode.app/Contents/Developer/Platforms/MacOSX.platform/Developer/SDKs/MacOSX14.5.sdk] ==> ignore
    arg [-macosx_version_min] ==> ignore
    arg [14.0.0] ==> ignore
    arg [-o] ==> ignore
    arg [cmTC_10718] ==> ignore
    arg [-L/usr/local/Cellar/gcc@11/11.3.0/bin/../lib/gcc/11/gcc/x86_64-apple-darwin21/11] ==> dir [/usr/local/Cellar/gcc@11/11.3.0/bin/../lib/gcc/11/gcc/x86_64-apple-darwin21/11]
    arg [-L/usr/local/Cellar/gcc@11/11.3.0/bin/../lib/gcc/11/gcc] ==> dir [/usr/local/Cellar/gcc@11/11.3.0/bin/../lib/gcc/11/gcc]
    arg [-L/usr/local/Cellar/gcc@11/11.3.0/bin/../lib/gcc/11/gcc/x86_64-apple-darwin21/11/../../..] ==> dir [/usr/local/Cellar/gcc@11/11.3.0/bin/../lib/gcc/11/gcc/x86_64-apple-darwin21/11/../../..]
    arg [-search_paths_first] ==> ignore
    arg [-headerpad_max_install_names] ==> ignore
    arg [-v] ==> ignore
    arg [CMakeFiles/cmTC_10718.dir/CMakeCXXCompilerABI.cpp.o] ==> ignore
    arg [-lstdc++] ==> lib [stdc++]
    arg [-lgcc_s.1.1] ==> lib [gcc_s.1.1]
    arg [-lgcc] ==> lib [gcc]
    arg [-lSystem] ==> lib [System]
    arg [-no_compact_unwind] ==> ignore
    arg [-rpath] ==> ignore
    arg [@loader_path] ==> ignore
    arg [-rpath] ==> ignore
    arg [/usr/local/Cellar/gcc@11/11.3.0/lib/gcc/11/gcc/x86_64-apple-darwin21/11] ==> ignore
    arg [-rpath] ==> ignore
    arg [/usr/local/Cellar/gcc@11/11.3.0/lib/gcc/11/gcc] ==> ignore
    arg [-rpath] ==> ignore
    arg [/usr/local/Cellar/gcc@11/11.3.0/lib/gcc/11] ==> ignore
  Library search paths: [;/usr/local/Cellar/gcc@11/11.3.0/lib/gcc/11/gcc/x86_64-apple-darwin21/11;/usr/local/Cellar/gcc@11/11.3.0/lib/gcc/11/gcc;/usr/local/Cellar/gcc@11/11.3.0/lib/gcc/11;/Applications/Xcode.app/Contents/Developer/Platforms/MacOSX.platform/Developer/SDKs/MacOSX14.5.sdk/usr/lib;/Applications/Xcode.app/Contents/Developer/Platforms/MacOSX.platform/Developer/SDKs/MacOSX14.5.sdk/usr/lib/swift]
  Framework search paths: [;/Applications/Xcode.app/Contents/Developer/Platforms/MacOSX.platform/Developer/SDKs/MacOSX14.5.sdk/System/Library/Frameworks]
  remove lib [System]
  collapse library dir [/usr/local/Cellar/gcc@11/11.3.0/bin/../lib/gcc/11/gcc/x86_64-apple-darwin21/11] ==> [/usr/local/Cellar/gcc@11/11.3.0/lib/gcc/11/gcc/x86_64-apple-darwin21/11]
  collapse library dir [/usr/local/Cellar/gcc@11/11.3.0/bin/../lib/gcc/11/gcc] ==> [/usr/local/Cellar/gcc@11/11.3.0/lib/gcc/11/gcc]
  collapse library dir [/usr/local/Cellar/gcc@11/11.3.0/bin/../lib/gcc/11/gcc/x86_64-apple-darwin21/11/../../..] ==> [/usr/local/Cellar/gcc@11/11.3.0/lib/gcc/11]
  collapse library dir [/usr/local/Cellar/gcc@11/11.3.0/lib/gcc/11/gcc/x86_64-apple-darwin21/11] ==> [/usr/local/Cellar/gcc@11/11.3.0/lib/gcc/11/gcc/x86_64-apple-darwin21/11]
  collapse library dir [/usr/local/Cellar/gcc@11/11.3.0/lib/gcc/11/gcc] ==> [/usr/local/Cellar/gcc@11/11.3.0/lib/gcc/11/gcc]
  collapse library dir [/usr/local/Cellar/gcc@11/11.3.0/lib/gcc/11] ==> [/usr/local/Cellar/gcc@11/11.3.0/lib/gcc/11]
  collapse library dir [/Applications/Xcode.app/Contents/Developer/Platforms/MacOSX.platform/Developer/SDKs/MacOSX14.5.sdk/usr/lib] ==> [/Applications/Xcode.app/Contents/Developer/Platforms/MacOSX.platform/Developer/SDKs/MacOSX14.5.sdk/usr/lib]
  collapse library dir [/Applications/Xcode.app/Contents/Developer/Platforms/MacOSX.platform/Developer/SDKs/MacOSX14.5.sdk/usr/lib/swift] ==> [/Applications/Xcode.app/Contents/Developer/Platforms/MacOSX.platform/Developer/SDKs/MacOSX14.5.sdk/usr/lib/swift]
  collapse framework dir [/Applications/Xcode.app/Contents/Developer/Platforms/MacOSX.platform/Developer/SDKs/MacOSX14.5.sdk/System/Library/Frameworks] ==> [/Applications/Xcode.app/Contents/Developer/Platforms/MacOSX.platform/Developer/SDKs/MacOSX14.5.sdk/System/Library/Frameworks]
  implicit libs: [stdc++;gcc_s.1.1;gcc]
  implicit objs: []
  implicit dirs: [/usr/local/Cellar/gcc@11/11.3.0/lib/gcc/11/gcc/x86_64-apple-darwin21/11;/usr/local/Cellar/gcc@11/11.3.0/lib/gcc/11/gcc;/usr/local/Cellar/gcc@11/11.3.0/lib/gcc/11;/Applications/Xcode.app/Contents/Developer/Platforms/MacOSX.platform/Developer/SDKs/MacOSX14.5.sdk/usr/lib;/Applications/Xcode.app/Contents/Developer/Platforms/MacOSX.platform/Developer/SDKs/MacOSX14.5.sdk/usr/lib/swift]
  implicit fwks: [/Applications/Xcode.app/Contents/Developer/Platforms/MacOSX.platform/Developer/SDKs/MacOSX14.5.sdk/System/Library/Frameworks]


